I0518 10:23:01.896587       1 flags.go:64] FLAG: --add_dir_header="false"
I0518 10:23:01.896755       1 flags.go:64] FLAG: --address="0.0.0.0"
I0518 10:23:01.896787       1 flags.go:64] FLAG: --allocate-node-cidrs="false"
I0518 10:23:01.896826       1 flags.go:64] FLAG: --allow-untagged-cloud="false"
I0518 10:23:01.896883       1 flags.go:64] FLAG: --alsologtostderr="false"
I0518 10:23:01.896922       1 flags.go:64] FLAG: --authentication-kubeconfig=""
I0518 10:23:01.896984       1 flags.go:64] FLAG: --authentication-skip-lookup="false"
I0518 10:23:01.897031       1 flags.go:64] FLAG: --authentication-token-webhook-cache-ttl="10s"
I0518 10:23:01.897111       1 flags.go:64] FLAG: --authentication-tolerate-lookup-failure="false"
I0518 10:23:01.897157       1 flags.go:64] FLAG: --authorization-always-allow-paths="[/healthz,/readyz,/livez]"
I0518 10:23:01.897184       1 flags.go:64] FLAG: --authorization-kubeconfig=""
I0518 10:23:01.897221       1 flags.go:64] FLAG: --authorization-webhook-cache-authorized-ttl="10s"
I0518 10:23:01.897270       1 flags.go:64] FLAG: --authorization-webhook-cache-unauthorized-ttl="10s"
I0518 10:23:01.897291       1 flags.go:64] FLAG: --bind-address="127.0.0.1"
I0518 10:23:01.897350       1 flags.go:64] FLAG: --cert-dir=""
I0518 10:23:01.897377       1 flags.go:64] FLAG: --cidr-allocator-type="RangeAllocator"
I0518 10:23:01.897432       1 flags.go:64] FLAG: --client-ca-file=""
I0518 10:23:01.897460       1 flags.go:64] FLAG: --cloud-config="/etc/kubernetes/cloud-config-occm"
I0518 10:23:01.897491       1 flags.go:64] FLAG: --cloud-provider="openstack"
I0518 10:23:01.897535       1 flags.go:64] FLAG: --cluster-cidr=""
I0518 10:23:01.897575       1 flags.go:64] FLAG: --cluster-name="473d4d49-401e-428d-af49-b9cdd9d52c80"
I0518 10:23:01.897627       1 flags.go:64] FLAG: --concurrent-service-syncs="1"
I0518 10:23:01.897649       1 flags.go:64] FLAG: --configure-cloud-routes="true"
I0518 10:23:01.897683       1 flags.go:64] FLAG: --contention-profiling="false"
I0518 10:23:01.897710       1 flags.go:64] FLAG: --controller-start-interval="0s"
I0518 10:23:01.897734       1 flags.go:64] FLAG: --controllers="[*]"
I0518 10:23:01.897787       1 flags.go:64] FLAG: --enable-leader-migration="false"
I0518 10:23:01.897819       1 flags.go:64] FLAG: --external-cloud-volume-plugin=""
I0518 10:23:01.897845       1 flags.go:64] FLAG: --feature-gates=""
I0518 10:23:01.897899       1 flags.go:64] FLAG: --help="false"
I0518 10:23:01.897925       1 flags.go:64] FLAG: --http2-max-streams-per-connection="0"
I0518 10:23:01.897968       1 flags.go:64] FLAG: --kube-api-burst="30"
I0518 10:23:01.898012       1 flags.go:64] FLAG: --kube-api-content-type="application/vnd.kubernetes.protobuf"
I0518 10:23:01.898040       1 flags.go:64] FLAG: --kube-api-qps="20"
I0518 10:23:01.898092       1 flags.go:64] FLAG: --kubeconfig=""
I0518 10:23:01.898144       1 flags.go:64] FLAG: --leader-elect="true"
I0518 10:23:01.898198       1 flags.go:64] FLAG: --leader-elect-lease-duration="15s"
I0518 10:23:01.898219       1 flags.go:64] FLAG: --leader-elect-renew-deadline="10s"
I0518 10:23:01.898259       1 flags.go:64] FLAG: --leader-elect-resource-lock="leases"
I0518 10:23:01.898284       1 flags.go:64] FLAG: --leader-elect-resource-name="cloud-controller-manager"
I0518 10:23:01.898308       1 flags.go:64] FLAG: --leader-elect-resource-namespace="kube-system"
I0518 10:23:01.898363       1 flags.go:64] FLAG: --leader-elect-retry-period="2s"
I0518 10:23:01.898408       1 flags.go:64] FLAG: --leader-migration-config=""
I0518 10:23:01.898429       1 flags.go:64] FLAG: --log-flush-frequency="5s"
I0518 10:23:01.898472       1 flags.go:64] FLAG: --log_backtrace_at=":0"
I0518 10:23:01.898501       1 flags.go:64] FLAG: --log_dir=""
I0518 10:23:01.898526       1 flags.go:64] FLAG: --log_file=""
I0518 10:23:01.898577       1 flags.go:64] FLAG: --log_file_max_size="1800"
I0518 10:23:01.898603       1 flags.go:64] FLAG: --logtostderr="true"
I0518 10:23:01.898618       1 flags.go:64] FLAG: --master=""
I0518 10:23:01.898680       1 flags.go:64] FLAG: --min-resync-period="12h0m0s"
I0518 10:23:01.898706       1 flags.go:64] FLAG: --node-monitor-period="5s"
I0518 10:23:01.898731       1 flags.go:64] FLAG: --node-status-update-frequency="5m0s"
I0518 10:23:01.898796       1 flags.go:64] FLAG: --node-sync-period="0s"
I0518 10:23:01.898825       1 flags.go:64] FLAG: --one_output="false"
I0518 10:23:01.898882       1 flags.go:64] FLAG: --permit-address-sharing="false"
I0518 10:23:01.898916       1 flags.go:64] FLAG: --permit-port-sharing="false"
I0518 10:23:01.898924       1 flags.go:64] FLAG: --port="0"
I0518 10:23:01.898927       1 flags.go:64] FLAG: --profiling="true"
I0518 10:23:01.898930       1 flags.go:64] FLAG: --requestheader-allowed-names="[]"
I0518 10:23:01.898936       1 flags.go:64] FLAG: --requestheader-client-ca-file=""
I0518 10:23:01.898939       1 flags.go:64] FLAG: --requestheader-extra-headers-prefix="[x-remote-extra-]"
I0518 10:23:01.898942       1 flags.go:64] FLAG: --requestheader-group-headers="[x-remote-group]"
I0518 10:23:01.898947       1 flags.go:64] FLAG: --requestheader-username-headers="[x-remote-user]"
I0518 10:23:01.898950       1 flags.go:64] FLAG: --route-reconciliation-period="10s"
I0518 10:23:01.898953       1 flags.go:64] FLAG: --secure-port="10258"
I0518 10:23:01.898956       1 flags.go:64] FLAG: --skip_headers="false"
I0518 10:23:01.898959       1 flags.go:64] FLAG: --skip_log_headers="false"
I0518 10:23:01.898962       1 flags.go:64] FLAG: --stderrthreshold="2"
I0518 10:23:01.898964       1 flags.go:64] FLAG: --tls-cert-file=""
I0518 10:23:01.898967       1 flags.go:64] FLAG: --tls-cipher-suites="[]"
I0518 10:23:01.898971       1 flags.go:64] FLAG: --tls-min-version=""
I0518 10:23:01.898973       1 flags.go:64] FLAG: --tls-private-key-file=""
I0518 10:23:01.898976       1 flags.go:64] FLAG: --tls-sni-cert-key="[]"
I0518 10:23:01.899017       1 flags.go:64] FLAG: --use-service-account-credentials="true"
I0518 10:23:01.899021       1 flags.go:64] FLAG: --user-agent="[]"
I0518 10:23:01.899026       1 flags.go:64] FLAG: --v="2"
I0518 10:23:01.899029       1 flags.go:64] FLAG: --version="false"
I0518 10:23:01.899033       1 flags.go:64] FLAG: --vmodule=""
I0518 10:23:02.209013       1 serving.go:348] Generated self-signed cert in-memory
I0518 10:23:02.677573       1 requestheader_controller.go:244] Loaded a new request header values for RequestHeaderAuthRequestController
W0518 10:23:02.677989       1 client_config.go:617] Neither --kubeconfig nor --master was specified.  Using the inClusterConfig.  This might not work.
I0518 10:23:03.100258       1 controllermanager.go:144] Version: v0.0.0-master+$Format:%H$
I0518 10:23:03.107078       1 requestheader_controller.go:169] Starting RequestHeaderAuthRequestController
I0518 10:23:03.107267       1 shared_informer.go:240] Waiting for caches to sync for RequestHeaderAuthRequestController
I0518 10:23:03.107319       1 configmap_cafile_content.go:201] "Starting controller" name="client-ca::kube-system::extension-apiserver-authentication::client-ca-file"
I0518 10:23:03.107354       1 shared_informer.go:240] Waiting for caches to sync for client-ca::kube-system::extension-apiserver-authentication::client-ca-file
I0518 10:23:03.107375       1 configmap_cafile_content.go:201] "Starting controller" name="client-ca::kube-system::extension-apiserver-authentication::requestheader-client-ca-file"
I0518 10:23:03.107380       1 shared_informer.go:240] Waiting for caches to sync for client-ca::kube-system::extension-apiserver-authentication::requestheader-client-ca-file
I0518 10:23:03.107516       1 tlsconfig.go:200] "Loaded serving cert" certName="Generated self signed cert" certDetail="\"localhost@1684405382\" [serving] validServingFor=[127.0.0.1,127.0.0.1,localhost] issuer=\"localhost-ca@1684405381\" (2023-05-18 09:23:01 +0000 UTC to 2024-05-17 09:23:01 +0000 UTC (now=2023-05-18 10:23:03.10744299 +0000 UTC))"
I0518 10:23:03.107664       1 named_certificates.go:53] "Loaded SNI cert" index=0 certName="self-signed loopback" certDetail="\"apiserver-loopback-client@1684405382\" [serving] validServingFor=[apiserver-loopback-client] issuer=\"apiserver-loopback-client-ca@1684405382\" (2023-05-18 09:23:02 +0000 UTC to 2024-05-17 09:23:02 +0000 UTC (now=2023-05-18 10:23:03.107627923 +0000 UTC))"
I0518 10:23:03.107687       1 secure_serving.go:200] Serving securely on 127.0.0.1:10258
I0518 10:23:03.107904       1 tlsconfig.go:240] "Starting DynamicServingCertificateController"
I0518 10:23:03.108003       1 leaderelection.go:248] attempting to acquire leader lease kube-system/cloud-controller-manager...
I0518 10:23:03.129740       1 leaderelection.go:258] successfully acquired lease kube-system/cloud-controller-manager
I0518 10:23:03.130470       1 event.go:294] "Event occurred" object="kube-system/cloud-controller-manager" kind="Lease" apiVersion="coordination.k8s.io/v1" type="Normal" reason="LeaderElection" message="wordpress-b33npz4nviic-master-0_a9febe4c-0b1d-4c1b-8b6d-6862ee8730a5 became leader"
I0518 10:23:03.207757       1 shared_informer.go:247] Caches are synced for client-ca::kube-system::extension-apiserver-authentication::requestheader-client-ca-file 
I0518 10:23:03.207829       1 shared_informer.go:247] Caches are synced for RequestHeaderAuthRequestController 
I0518 10:23:03.207931       1 shared_informer.go:247] Caches are synced for client-ca::kube-system::extension-apiserver-authentication::client-ca-file 
I0518 10:23:03.208180       1 tlsconfig.go:178] "Loaded client CA" index=0 certName="client-ca::kube-system::extension-apiserver-authentication::client-ca-file,client-ca::kube-system::extension-apiserver-authentication::requestheader-client-ca-file" certDetail="\"wordpress\" [] issuer=\"<self>\" (2023-05-17 10:19:50 +0000 UTC to 2028-05-16 10:19:50 +0000 UTC (now=2023-05-18 10:23:03.208158189 +0000 UTC))"
I0518 10:23:03.208337       1 tlsconfig.go:200] "Loaded serving cert" certName="Generated self signed cert" certDetail="\"localhost@1684405382\" [serving] validServingFor=[127.0.0.1,127.0.0.1,localhost] issuer=\"localhost-ca@1684405381\" (2023-05-18 09:23:01 +0000 UTC to 2024-05-17 09:23:01 +0000 UTC (now=2023-05-18 10:23:03.208310537 +0000 UTC))"
I0518 10:23:03.208453       1 named_certificates.go:53] "Loaded SNI cert" index=0 certName="self-signed loopback" certDetail="\"apiserver-loopback-client@1684405382\" [serving] validServingFor=[apiserver-loopback-client] issuer=\"apiserver-loopback-client-ca@1684405382\" (2023-05-18 09:23:02 +0000 UTC to 2024-05-17 09:23:02 +0000 UTC (now=2023-05-18 10:23:03.208441305 +0000 UTC))"
I0518 10:23:03.208533       1 tlsconfig.go:178] "Loaded client CA" index=0 certName="client-ca::kube-system::extension-apiserver-authentication::client-ca-file,client-ca::kube-system::extension-apiserver-authentication::requestheader-client-ca-file" certDetail="\"wordpress\" [] issuer=\"<self>\" (2023-05-17 10:19:50 +0000 UTC to 2028-05-16 10:19:50 +0000 UTC (now=2023-05-18 10:23:03.208523386 +0000 UTC))"
I0518 10:23:03.208548       1 tlsconfig.go:178] "Loaded client CA" index=1 certName="client-ca::kube-system::extension-apiserver-authentication::client-ca-file,client-ca::kube-system::extension-apiserver-authentication::requestheader-client-ca-file" certDetail="\"wordpress\" [] issuer=\"<self>\" (2023-05-17 10:19:50 +0000 UTC to 2028-05-16 10:19:50 +0000 UTC (now=2023-05-18 10:23:03.208539959 +0000 UTC))"
I0518 10:23:03.208664       1 tlsconfig.go:200] "Loaded serving cert" certName="Generated self signed cert" certDetail="\"localhost@1684405382\" [serving] validServingFor=[127.0.0.1,127.0.0.1,localhost] issuer=\"localhost-ca@1684405381\" (2023-05-18 09:23:01 +0000 UTC to 2024-05-17 09:23:01 +0000 UTC (now=2023-05-18 10:23:03.208654989 +0000 UTC))"
I0518 10:23:03.208751       1 named_certificates.go:53] "Loaded SNI cert" index=0 certName="self-signed loopback" certDetail="\"apiserver-loopback-client@1684405382\" [serving] validServingFor=[apiserver-loopback-client] issuer=\"apiserver-loopback-client-ca@1684405382\" (2023-05-18 09:23:02 +0000 UTC to 2024-05-17 09:23:02 +0000 UTC (now=2023-05-18 10:23:03.208733262 +0000 UTC))"
I0518 10:23:03.413164       1 controllermanager.go:279] Starting "cloud-node-lifecycle"
I0518 10:23:03.418340       1 node_lifecycle_controller.go:77] Sending events to api server
I0518 10:23:03.418374       1 controllermanager.go:298] Started "cloud-node-lifecycle"
I0518 10:23:03.418381       1 controllermanager.go:279] Starting "service"
W0518 10:23:03.430018       1 openstack.go:333] Failed to create an OpenStack Secret client: unable to initialize keymanager client for region iad1: No suitable endpoint could be found in the service catalog.
I0518 10:23:03.430044       1 openstack.go:344] Claiming to support LoadBalancer
I0518 10:23:03.430054       1 controllermanager.go:298] Started "service"
I0518 10:23:03.430060       1 controllermanager.go:279] Starting "route"
I0518 10:23:03.430133       1 controller.go:233] Starting service controller
I0518 10:23:03.430150       1 shared_informer.go:240] Waiting for caches to sync for service
W0518 10:23:03.509217       1 openstack.go:453] Error initialising Routes support: router-id not set in cloud provider config
W0518 10:23:03.509337       1 core.go:111] --configure-cloud-routes is set, but cloud provider does not support routes. Will not configure cloud provider routes.
W0518 10:23:03.509345       1 controllermanager.go:286] Skipping "route"
I0518 10:23:03.509356       1 controllermanager.go:279] Starting "cloud-node"
I0518 10:23:03.512476       1 node_controller.go:116] Sending events to api server.
I0518 10:23:03.512572       1 controllermanager.go:298] Started "cloud-node"
I0518 10:23:03.512876       1 node_controller.go:155] Waiting for informer caches to sync
I0518 10:23:03.530992       1 shared_informer.go:247] Caches are synced for service 
I0518 10:23:03.613491       1 node_controller.go:391] Initializing node wordpress-b33npz4nviic-master-0 with cloud provider
I0518 10:23:04.477003       1 openstack.go:351] Claiming to support Zones
I0518 10:23:04.641162       1 node_controller.go:493] Adding node label from cloud provider: beta.kubernetes.io/instance-type=alt.gp2.large
I0518 10:23:04.641179       1 node_controller.go:494] Adding node label from cloud provider: node.kubernetes.io/instance-type=alt.gp2.large
I0518 10:23:04.641184       1 node_controller.go:505] Adding node label from cloud provider: failure-domain.beta.kubernetes.io/zone=nova
I0518 10:23:04.641189       1 node_controller.go:506] Adding node label from cloud provider: topology.kubernetes.io/zone=nova
I0518 10:23:04.641194       1 node_controller.go:516] Adding node label from cloud provider: failure-domain.beta.kubernetes.io/region=iad1
I0518 10:23:04.641198       1 node_controller.go:517] Adding node label from cloud provider: topology.kubernetes.io/region=iad1
I0518 10:23:04.651470       1 node_controller.go:455] Successfully initialized node wordpress-b33npz4nviic-master-0 with cloud provider
I0518 10:23:04.651599       1 event.go:294] "Event occurred" object="wordpress-b33npz4nviic-master-0" kind="Node" apiVersion="v1" type="Normal" reason="Synced" message="Node synced successfully"
I0518 10:23:16.358517       1 controller.go:265] Node changes detected, triggering a full node sync on all loadbalancer services
I0518 10:23:16.358742       1 controller.go:741] Syncing backends for all LB services.
I0518 10:23:16.358748       1 controller.go:748] Successfully updated 0 out of 0 load balancers to direct traffic to the updated set of nodes
I0518 10:24:32.805164       1 node_controller.go:391] Initializing node wordpress-b33npz4nviic-node-0 with cloud provider
I0518 10:24:33.671647       1 openstack.go:351] Claiming to support Zones
I0518 10:24:33.877739       1 node_controller.go:493] Adding node label from cloud provider: beta.kubernetes.io/instance-type=alt.gp2.large
I0518 10:24:33.877756       1 node_controller.go:494] Adding node label from cloud provider: node.kubernetes.io/instance-type=alt.gp2.large
I0518 10:24:33.877760       1 node_controller.go:505] Adding node label from cloud provider: failure-domain.beta.kubernetes.io/zone=nova
I0518 10:24:33.877764       1 node_controller.go:506] Adding node label from cloud provider: topology.kubernetes.io/zone=nova
I0518 10:24:33.877769       1 node_controller.go:516] Adding node label from cloud provider: failure-domain.beta.kubernetes.io/region=iad1
I0518 10:24:33.877773       1 node_controller.go:517] Adding node label from cloud provider: topology.kubernetes.io/region=iad1
I0518 10:24:33.885522       1 node_controller.go:455] Successfully initialized node wordpress-b33npz4nviic-node-0 with cloud provider
I0518 10:24:33.885931       1 event.go:294] "Event occurred" object="wordpress-b33npz4nviic-node-0" kind="Node" apiVersion="v1" type="Normal" reason="Synced" message="Node synced successfully"
I0518 10:24:53.199878       1 controller.go:265] Node changes detected, triggering a full node sync on all loadbalancer services
I0518 10:24:53.199896       1 controller.go:741] Syncing backends for all LB services.
I0518 10:24:53.199901       1 controller.go:748] Successfully updated 0 out of 0 load balancers to direct traffic to the updated set of nodes
